Access denied for user 'root'@'localhost' (using password: YES)
MySQL server has gone away
Judging solution 1001
Judging solution 1002
<<=sid=1002===clientid=1==>>

<<=sid=1001===clientid=0==>>

compile error
compile error
<<2done!>>
Judging solution 1001
<<=sid=1001===clientid=0==>>

compile error
<<1done!>>
Judging solution 1001
<<=sid=1001===clientid=0==>>

compile error
<<1done!>>
Judging solution 1001
<<=sid=1001===clientid=0==>>

compile error
<<1done!>>
Judging solution 1001
<<=sid=1001===clientid=0==>>

compile error
<<1done!>>
Judging solution 1001
<<=sid=1001===clientid=0==>>

compile error
<<1done!>>
Judging solution 1001
<<=sid=1001===clientid=0==>>

compile error
<<1done!>>
Judging solution 1001
<<=sid=1001===clientid=0==>>

Judging solution 1001
<<=sid=1001===clientid=0==>>

compile error
<<1done!>>
Judging solution 1001
<<=sid=1001===clientid=0==>>

Judging solution 1001
<<=sid=1001===clientid=0==>>

compile error
<<1done!>>
Judging solution 1001
<<=sid=1001===clientid=0==>>

compile error
<<1done!>>
Judging solution 1001
<<=sid=1001===clientid=0==>>

compile error
<<1done!>>
Judging solution 1001
<<=sid=1001===clientid=0==>>

compile error
<<1done!>>
Judging solution 1001
<<=sid=1001===clientid=0==>>

Judging solution 1001
<<=sid=1001===clientid=0==>>

compile error
<<1done!>>
Judging solution 1001
<<=sid=1001===clientid=0==>>

compile error
<<1done!>>
Judging solution 1001
<<=sid=1001===clientid=0==>>

compile error
<<1done!>>
Judging solution 1001
<<=sid=1001===clientid=0==>>

compile error
<<1done!>>
Judging solution 1001
<<=sid=1001===clientid=0==>>

compile error
<<1done!>>
Judging solution 1001
<<=sid=1001===clientid=0==>>

Judging solution 1001
<<=sid=1001===clientid=0==>>

compile error
<<1done!>>
Judging solution 1001
<<=sid=1001===clientid=0==>>

compile error
<<1done!>>
Judging solution 1001
<<=sid=1001===clientid=0==>>

compile error
<<1done!>>
Judging solution 1001
<<=sid=1001===clientid=0==>>

compile error
<<1done!>>
Judging solution 1001
<<=sid=1001===clientid=0==>>

compile error
<<1done!>>
Judging solution 1001
<<=sid=1001===clientid=0==>>

compile error
<<1done!>>
Judging solution 1001
<<=sid=1001===clientid=0==>>

Judging solution 1001
<<=sid=1001===clientid=0==>>

compile error
<<1done!>>
Judging solution 1001
<<=sid=1001===clientid=0==>>

Judging solution 1001
<<=sid=1001===clientid=0==>>

compile error
<<1done!>>
Judging solution 1001
<<=sid=1001===clientid=0==>>

compile error
<<1done!>>
Judging solution 1001
<<=sid=1001===clientid=0==>>

compile error
<<1done!>>
Judging solution 1001
<<=sid=1001===clientid=0==>>

No such dir:/home/OnlineJudge/data/1000!

<<1done!>>
Judging solution 1001
<<=sid=1001===clientid=0==>>

compile error
<<1done!>>
Judging solution 1001
<<=sid=1001===clientid=0==>>

compile error
<<1done!>>
Judging solution 1001
<<=sid=1001===clientid=0==>>

compile error
<<1done!>>
Judging solution 1001
<<=sid=1001===clientid=0==>>

compile error
<<1done!>>
Judging solution 1001
<<=sid=1001===clientid=0==>>

compile error
<<1done!>>
Judging solution 1001
<<=sid=1001===clientid=0==>>

No such dir:/home/OnlineJudge/data/1000!

<<1done!>>
Judging solution 1001
<<=sid=1001===clientid=0==>>

result=4
<<1done!>>
Judging solution 1001
<<=sid=1001===clientid=0==>>

result=4
<<1done!>>
Judging solution 1001
<<=sid=1001===clientid=0==>>

result=4
<<1done!>>
Judging solution 1001
<<=sid=1001===clientid=0==>>

result=4
<<1done!>>
Judging solution 1001
<<=sid=1001===clientid=0==>>

result=4
<<1done!>>
Judging solution 1001
<<=sid=1001===clientid=0==>>

Judging solution 1001
<<=sid=1001===clientid=0==>>

init_call_counter:0
result=10
<<1done!>>
Judging solution 1001
<<=sid=1001===clientid=0==>>

init_call_counter:0
result=10
<<1done!>>
Judging solution 1001
<<=sid=1001===clientid=0==>>

init_call_counter:0
result=10
<<1done!>>
Judging solution 1001
<<=sid=1001===clientid=0==>>

init_call_counter:0
result=10
<<1done!>>
Judging solution 1001
<<=sid=1001===clientid=0==>>

init_call_counter:0
result=10
<<1done!>>
Judging solution 1001
<<=sid=1001===clientid=0==>>

init_call_counter:0
result=10
<<1done!>>
Judging solution 1001
<<=sid=1001===clientid=0==>>

init_call_counter:0
result=10
<<1done!>>
Judging solution 1001
<<=sid=1001===clientid=0==>>

init_call_counter:0
result=10
<<1done!>>
Judging solution 1001
<<=sid=1001===clientid=0==>>

init_call_counter:0
result=10
<<1done!>>
Judging solution 1001
<<=sid=1001===clientid=0==>>

init_call_counter:0
result=10
<<1done!>>
Judging solution 1001
<<=sid=1001===clientid=0==>>

init_call_counter:0
result=10
<<1done!>>
Judging solution 1001
<<=sid=1001===clientid=0==>>

init_call_counter:0
result=10
<<1done!>>
Judging solution 1001
<<=sid=1001===clientid=0==>>

init_call_counter:0
result=10
<<1done!>>
Judging solution 1001
<<=sid=1001===clientid=0==>>

init_call_counter:0
result=10
<<1done!>>
Judging solution 1001
<<=sid=1001===clientid=0==>>

init_call_counter:0
result=10
<<1done!>>
Judging solution 1001
<<=sid=1001===clientid=0==>>

compile error
<<1done!>>
Judging solution 1001
<<=sid=1001===clientid=0==>>

compile error
<<1done!>>
Judging solution 1001
<<=sid=1001===clientid=0==>>

compile error
<<1done!>>
Judging solution 1001
<<=sid=1001===clientid=0==>>

compile error
<<1done!>>
Judging solution 1001
<<=sid=1001===clientid=0==>>

compile error
<<1done!>>
Judging solution 1001
<<=sid=1001===clientid=0==>>

compile error
<<1done!>>
Judging solution 1001
<<=sid=1001===clientid=0==>>

compile error
<<1done!>>
Judging solution 1001
<<=sid=1001===clientid=0==>>

compile error
<<1done!>>
Judging solution 1001
<<=sid=1001===clientid=0==>>

compile error
<<1done!>>
Judging solution 1001
<<=sid=1001===clientid=0==>>

compile error
<<1done!>>
Judging solution 1001
<<=sid=1001===clientid=0==>>

compile error
<<1done!>>
Judging solution 1001
<<=sid=1001===clientid=0==>>

compile error
<<1done!>>
Judging solution 1001
<<=sid=1001===clientid=0==>>

compile error
<<1done!>>
Judging solution 1001
<<=sid=1001===clientid=0==>>

init_call_counter:0
result=10
<<1done!>>
Judging solution 1001
<<=sid=1001===clientid=0==>>

init_call_counter:0
result=10
<<1done!>>
Judging solution 1001
<<=sid=1001===clientid=0==>>

init_call_counter:0
result=10
<<1done!>>
Judging solution 1001
<<=sid=1001===clientid=0==>>

init_call_counter:0
result=10
<<1done!>>
Judging solution 1001
<<=sid=1001===clientid=0==>>

init_call_counter:0
result=10
<<1done!>>
Judging solution 1001
<<=sid=1001===clientid=0==>>

Judging solution 1001
<<=sid=1001===clientid=0==>>

init_call_counter:0
result=4
<<1done!>>
Judging solution 1001
<<=sid=1001===clientid=0==>>

init_call_counter:0
result=4
<<1done!>>
Judging solution 1001
<<=sid=1001===clientid=0==>>

Judging solution 1001
<<=sid=1001===clientid=0==>>

init_call_counter:0
init_call_counter:0
init_call_counter:0
init_call_counter:0
init_call_counter:0
init_call_counter:0
init_call_counter:0
init_call_counter:0
init_call_counter:0
init_call_counter:0
result=4
<<1done!>>
Judging solution 1001
<<=sid=1001===clientid=0==>>

compile error
<<1done!>>
Judging solution 1001
<<=sid=1001===clientid=0==>>

init_call_counter:0
init_call_counter:0
init_call_counter:0
init_call_counter:0
init_call_counter:0
init_call_counter:0
init_call_counter:0
init_call_counter:0
init_call_counter:0
init_call_counter:0
result=4
<<1done!>>
Judging solution 1003
<<=sid=1003===clientid=0==>>

Judging solution 1003
<<=sid=1003===clientid=0==>>

init_call_counter:3
result=6
<<1done!>>
Judging solution 1003
<<=sid=1003===clientid=0==>>

Judging solution 1003
<<=sid=1003===clientid=0==>>

init_call_counter:3
result=6
<<1done!>>
Judging solution 1003
<<=sid=1003===clientid=0==>>

init_call_counter:3
result=6
<<1done!>>
Judging solution 1003
<<=sid=1003===clientid=0==>>

init_call_counter:3
init_call_counter:3
init_call_counter:3
init_call_counter:3
init_call_counter:3
init_call_counter:3
init_call_counter:3
init_call_counter:3
init_call_counter:3
init_call_counter:3
init_call_counter:3
result=5
<<1done!>>
Judging solution 1003
<<=sid=1003===clientid=0==>>

Judging solution 1003
<<=sid=1003===clientid=0==>>

init_call_counter:3
result=5
<<1done!>>
Judging solution 1004
<<=sid=1004===clientid=0==>>

Judging solution 1004
<<=sid=1004===clientid=0==>>

init_call_counter:3
result=5
<<1done!>>
Judging solution 1004
<<=sid=1004===clientid=0==>>

init_call_counter:3
result=4
<<1done!>>
Judging solution 1003
<<=sid=1003===clientid=0==>>

Judging solution 1003
<<=sid=1003===clientid=0==>>

init_call_counter:3
init_call_counter:3
init_call_counter:3
init_call_counter:3
init_call_counter:3
init_call_counter:3
init_call_counter:3
init_call_counter:3
init_call_counter:3
init_call_counter:3
init_call_counter:3
result=4
<<1done!>>
Judging solution 1005
<<=sid=1005===clientid=0==>>

init_call_counter:3
init_call_counter:3
result=4
<<1done!>>
Judging solution 1006
<<=sid=1006===clientid=0==>>

Judging solution 1006
<<=sid=1006===clientid=0==>>

init_call_counter:1
init_call_counter:1
init_call_counter:1
result=6
<<1done!>>
Judging solution 1006
<<=sid=1006===clientid=0==>>

Judging solution 1006
<<=sid=1006===clientid=0==>>

init_call_counter:1
init_call_counter:1
init_call_counter:1
init_call_counter:1
init_call_counter:1
init_call_counter:1
result=4
<<1done!>>
Judging solution 1007
<<=sid=1007===clientid=0==>>

init_call_counter:3
result=6
<<1done!>>
Judging solution 1007
<<=sid=1007===clientid=0==>>

init_call_counter:3
result=6
<<1done!>>
Judging solution 1007
<<=sid=1007===clientid=0==>>

init_call_counter:3
result=6
<<1done!>>
Judging solution 1007
<<=sid=1007===clientid=0==>>

init_call_counter:3
result=6
<<1done!>>
Judging solution 1007
<<=sid=1007===clientid=0==>>

init_call_counter:3
result=6
<<1done!>>
Judging solution 1007
<<=sid=1007===clientid=0==>>

init_call_counter:3
result=6
<<1done!>>
Judging solution 1007
<<=sid=1007===clientid=0==>>

init_call_counter:3
result=4
<<1done!>>
Judging solution 1007
<<=sid=1007===clientid=0==>>

init_call_counter:3
init_call_counter:3
init_call_counter:3
init_call_counter:3
init_call_counter:3
result=4
<<1done!>>
Judging solution 1008
<<=sid=1008===clientid=0==>>

init_call_counter:3
init_call_counter:3
init_call_counter:3
init_call_counter:3
init_call_counter:3
result=4
<<1done!>>
Judging solution 1009
<<=sid=1009===clientid=0==>>

compile error
<<1done!>>
Judging solution 1010
<<=sid=1010===clientid=0==>>

init_call_counter:3
result=4
<<1done!>>
Judging solution 1011
<<=sid=1011===clientid=0==>>

init_call_counter:3
init_call_counter:3
init_call_counter:3
init_call_counter:3
init_call_counter:3
result=4
<<1done!>>
Judging solution 1012
<<=sid=1012===clientid=0==>>

init_call_counter:3
init_call_counter:3
init_call_counter:3
init_call_counter:3
result=4
<<1done!>>
Judging solution 1013
<<=sid=1013===clientid=0==>>

init_call_counter:3
init_call_counter:3
init_call_counter:3
init_call_counter:3
init_call_counter:3
init_call_counter:3
init_call_counter:3
result=4
<<1done!>>
Judging solution 1014
<<=sid=1014===clientid=0==>>

init_call_counter:3
init_call_counter:3
init_call_counter:3
init_call_counter:3
init_call_counter:3
result=4
<<1done!>>
Judging solution 1016
<<=sid=1016===clientid=0==>>

init_call_counter:3
result=10
<<1done!>>
Judging solution 1016
<<=sid=1016===clientid=0==>>

init_call_counter:3
result=10
<<1done!>>
Judging solution 1016
<<=sid=1016===clientid=0==>>

init_call_counter:3
init_call_counter:3
result=10
<<1done!>>
Judging solution 1017
<<=sid=1017===clientid=0==>>

init_call_counter:3
init_call_counter:3
result=4
<<1done!>>
Judging solution 1018
<<=sid=1018===clientid=0==>>

init_call_counter:3
result=6
<<1done!>>
Judging solution 1018
<<=sid=1018===clientid=0==>>

init_call_counter:3
result=6
<<1done!>>
Judging solution 1018
<<=sid=1018===clientid=0==>>

init_call_counter:3
result=4
<<1done!>>
Judging solution 1006
<<=sid=1006===clientid=0==>>

init_call_counter:1
init_call_counter:1
init_call_counter:1
init_call_counter:1
init_call_counter:1
init_call_counter:1
result=4
<<1done!>>
Judging solution 1001
<<=sid=1001===clientid=0==>>

init_call_counter:0
init_call_counter:0
init_call_counter:0
init_call_counter:0
init_call_counter:0
init_call_counter:0
init_call_counter:0
init_call_counter:0
init_call_counter:0
init_call_counter:0
result=4
<<1done!>>
Judging solution 1019
<<=sid=1019===clientid=0==>>

init_call_counter:1
init_call_counter:1
init_call_counter:1
init_call_counter:1
init_call_counter:1
init_call_counter:1
init_call_counter:1
init_call_counter:1
init_call_counter:1
init_call_counter:1
result=4
<<1done!>>
Judging solution 1020
<<=sid=1020===clientid=0==>>

init_call_counter:1
result=6
<<1done!>>
Judging solution 1020
<<=sid=1020===clientid=0==>>

init_call_counter:1
init_call_counter:1
init_call_counter:1
init_call_counter:1
init_call_counter:1
result=4
<<1done!>>
Judging solution 1021
<<=sid=1021===clientid=0==>>

init_call_counter:1
init_call_counter:1
init_call_counter:1
result=5
<<1done!>>
Judging solution 1021
<<=sid=1021===clientid=0==>>

init_call_counter:1
init_call_counter:1
result=5
<<1done!>>
Judging solution 1021
<<=sid=1021===clientid=0==>>

init_call_counter:1
init_call_counter:1
result=5
<<1done!>>
Judging solution 1021
<<=sid=1021===clientid=0==>>

init_call_counter:1
result=5
<<1done!>>
Judging solution 1022
<<=sid=1022===clientid=0==>>

compile error
<<1done!>>
Judging solution 1023
<<=sid=1023===clientid=0==>>

init_call_counter:1
result=4
<<1done!>>
Judging solution 1023
<<=sid=1023===clientid=0==>>

init_call_counter:1
init_call_counter:1
init_call_counter:1
result=4
<<1done!>>
Judging solution 1023
<<=sid=1023===clientid=0==>>

init_call_counter:1
result=6
<<1done!>>
Judging solution 1023
<<=sid=1023===clientid=0==>>

init_call_counter:1
init_call_counter:1
init_call_counter:1
init_call_counter:1
init_call_counter:1
init_call_counter:1
init_call_counter:1
result=4
<<1done!>>
Judging solution 1023
<<=sid=1023===clientid=0==>>

init_call_counter:1
init_call_counter:1
init_call_counter:1
init_call_counter:1
init_call_counter:1
init_call_counter:1
init_call_counter:1
init_call_counter:1
result=4
<<1done!>>
Judging solution 1023
<<=sid=1023===clientid=0==>>

init_call_counter:1
result=7
<<1done!>>
Judging solution 1023
<<=sid=1023===clientid=0==>>

init_call_counter:1
init_call_counter:1
init_call_counter:1
init_call_counter:1
init_call_counter:1
init_call_counter:1
init_call_counter:1
init_call_counter:1
result=4
<<1done!>>
Judging solution 1024
<<=sid=1024===clientid=0==>>

init_call_counter:1
init_call_counter:1
init_call_counter:1
init_call_counter:1
init_call_counter:1
init_call_counter:1
init_call_counter:1
init_call_counter:1
init_call_counter:1
init_call_counter:1
result=4
<<1done!>>
Judging solution 1025
<<=sid=1025===clientid=0==>>

init_call_counter:1
init_call_counter:1
init_call_counter:1
init_call_counter:1
init_call_counter:1
init_call_counter:1
init_call_counter:1
init_call_counter:1
result=4
<<1done!>>
Judging solution 1026
<<=sid=1026===clientid=0==>>

init_call_counter:1
init_call_counter:1
init_call_counter:1
init_call_counter:1
init_call_counter:1
init_call_counter:1
init_call_counter:1
init_call_counter:1
result=4
<<1done!>>
Judging solution 1027
<<=sid=1027===clientid=0==>>

init_call_counter:1
result=6
<<1done!>>
Judging solution 1028
<<=sid=1028===clientid=0==>>

init_call_counter:1
result=6
<<1done!>>
Judging solution 1028
<<=sid=1028===clientid=0==>>

init_call_counter:1
init_call_counter:1
init_call_counter:1
init_call_counter:1
init_call_counter:1
init_call_counter:1
result=5
<<1done!>>
Judging solution 1028
<<=sid=1028===clientid=0==>>

init_call_counter:1
init_call_counter:1
init_call_counter:1
init_call_counter:1
init_call_counter:1
init_call_counter:1
result=5
<<1done!>>
Judging solution 1028
<<=sid=1028===clientid=0==>>

init_call_counter:1
init_call_counter:1
init_call_counter:1
init_call_counter:1
init_call_counter:1
result=5
<<1done!>>
Judging solution 1029
<<=sid=1029===clientid=0==>>

init_call_counter:1
init_call_counter:1
init_call_counter:1
init_call_counter:1
init_call_counter:1
result=4
<<1done!>>
Judging solution 1029
<<=sid=1029===clientid=0==>>

init_call_counter:1
init_call_counter:1
init_call_counter:1
init_call_counter:1
init_call_counter:1
init_call_counter:1
result=4
<<1done!>>
Judging solution 1030
<<=sid=1030===clientid=0==>>

init_call_counter:1
result=6
<<1done!>>
Judging solution 1031
<<=sid=1031===clientid=0==>>

init_call_counter:1
result=6
<<1done!>>
Judging solution 1031
<<=sid=1031===clientid=0==>>

init_call_counter:1
init_call_counter:1
init_call_counter:1
init_call_counter:1
init_call_counter:1
init_call_counter:1
init_call_counter:1
result=4
<<1done!>>
Judging solution 1032
<<=sid=1032===clientid=0==>>

init_call_counter:1
init_call_counter:1
init_call_counter:1
init_call_counter:1
init_call_counter:1
init_call_counter:1
init_call_counter:1
init_call_counter:1
init_call_counter:1
init_call_counter:1
result=4
<<1done!>>
Judging solution 1033
<<=sid=1033===clientid=0==>>

init_call_counter:1
init_call_counter:1
init_call_counter:1
init_call_counter:1
init_call_counter:1
init_call_counter:1
init_call_counter:1
init_call_counter:1
result=4
<<1done!>>
Judging solution 1034
<<=sid=1034===clientid=0==>>

init_call_counter:1
init_call_counter:1
result=6
<<1done!>>
Judging solution 1034
<<=sid=1034===clientid=0==>>

init_call_counter:1
init_call_counter:1
init_call_counter:1
init_call_counter:1
result=10
<<1done!>>
Judging solution 1034
<<=sid=1034===clientid=0==>>

init_call_counter:1
init_call_counter:1
init_call_counter:1
init_call_counter:1
init_call_counter:1
init_call_counter:1
result=4
<<1done!>>
Judging solution 1034
<<=sid=1034===clientid=0==>>

init_call_counter:1
init_call_counter:1
init_call_counter:1
init_call_counter:1
init_call_counter:1
init_call_counter:1
result=4
<<1done!>>
Judging solution 1035
<<=sid=1035===clientid=0==>>

init_call_counter:1
init_call_counter:1
init_call_counter:1
init_call_counter:1
init_call_counter:1
init_call_counter:1
init_call_counter:1
init_call_counter:1
init_call_counter:1
init_call_counter:1
result=4
<<1done!>>
Judging solution 1036
<<=sid=1036===clientid=0==>>

init_call_counter:1
init_call_counter:1
init_call_counter:1
init_call_counter:1
init_call_counter:1
result=10
<<1done!>>
Judging solution 1036
<<=sid=1036===clientid=0==>>

init_call_counter:1
init_call_counter:1
init_call_counter:1
init_call_counter:1
init_call_counter:1
[ERROR] A Not allowed system call: runid:1036 CALLID:20
 TO FIX THIS , ask admin to add the CALLID into corresponding LANG_XXV[] located at okcalls32/64.h ,
and recompile judge_client. 
if you are admin and you don't know what to do ,
 tech support can be found on http://hustoj.taobao.com

result=10
<<1done!>>
Judging solution 1035
<<=sid=1035===clientid=0==>>

init_call_counter:1
init_call_counter:1
init_call_counter:1
init_call_counter:1
init_call_counter:1
init_call_counter:1
init_call_counter:1
init_call_counter:1
init_call_counter:1
init_call_counter:1
result=4
<<1done!>>
Judging solution 1036
<<=sid=1036===clientid=0==>>

init_call_counter:1
init_call_counter:1
init_call_counter:1
init_call_counter:1
init_call_counter:1
[ERROR] A Not allowed system call: runid:1036 CALLID:20
 TO FIX THIS , ask admin to add the CALLID into corresponding LANG_XXV[] located at okcalls32/64.h ,
and recompile judge_client. 
if you are admin and you don't know what to do ,
 tech support can be found on http://hustoj.taobao.com

result=10
<<1done!>>
Judging solution 1037
<<=sid=1037===clientid=0==>>

init_call_counter:1
init_call_counter:1
init_call_counter:1
init_call_counter:1
init_call_counter:1
result=7
<<1done!>>
Judging solution 1037
<<=sid=1037===clientid=0==>>

init_call_counter:1
init_call_counter:1
init_call_counter:1
init_call_counter:1
init_call_counter:1
result=7
<<1done!>>
Judging solution 1038
<<=sid=1038===clientid=0==>>

init_call_counter:1
init_call_counter:1
init_call_counter:1
init_call_counter:1
init_call_counter:1
result=6
<<1done!>>
Judging solution 1037
<<=sid=1037===clientid=0==>>

init_call_counter:1
init_call_counter:1
init_call_counter:1
init_call_counter:1
init_call_counter:1
result=7
<<1done!>>
Judging solution 1038
<<=sid=1038===clientid=0==>>

init_call_counter:1
init_call_counter:1
init_call_counter:1
init_call_counter:1
init_call_counter:1
init_call_counter:1
init_call_counter:1
init_call_counter:1
init_call_counter:1
init_call_counter:1
result=4
<<1done!>>
Judging solution 1038
<<=sid=1038===clientid=0==>>

init_call_counter:1
Judging solution 1038
<<=sid=1038===clientid=0==>>

init_call_counter:1
result=7
<<1done!>>
Judging solution 1038
<<=sid=1038===clientid=0==>>

init_call_counter:1
result=7
<<1done!>>
Judging solution 1038
<<=sid=1038===clientid=0==>>

init_call_counter:1
init_call_counter:1
init_call_counter:1
init_call_counter:1
init_call_counter:1
init_call_counter:1
init_call_counter:1
init_call_counter:1
init_call_counter:1
init_call_counter:1
result=4
<<1done!>>
Judging solution 1038
<<=sid=1038===clientid=0==>>

init_call_counter:1
result=6
<<1done!>>
Judging solution 1038
<<=sid=1038===clientid=0==>>

init_call_counter:1
init_call_counter:1
init_call_counter:1
init_call_counter:1
init_call_counter:1
init_call_counter:1
init_call_counter:1
init_call_counter:1
init_call_counter:1
init_call_counter:1
init_call_counter:1
result=4
<<1done!>>
Judging solution 1039
<<=sid=1039===clientid=0==>>

init_call_counter:1
result=7
<<1done!>>
Judging solution 1040
<<=sid=1040===clientid=0==>>

init_call_counter:1
result=6
<<1done!>>
Judging solution 1040
<<=sid=1040===clientid=0==>>

init_call_counter:1
init_call_counter:1
init_call_counter:1
init_call_counter:1
init_call_counter:1
init_call_counter:1
result=10
<<1done!>>
Judging solution 1040
<<=sid=1040===clientid=0==>>

init_call_counter:1
init_call_counter:1
init_call_counter:1
init_call_counter:1
init_call_counter:1
init_call_counter:1
result=10
<<1done!>>
Judging solution 1041
<<=sid=1041===clientid=0==>>

init_call_counter:1
result=7
<<1done!>>
Judging solution 1038
<<=sid=1038===clientid=0==>>

init_call_counter:1
result=6
<<1done!>>
Judging solution 1039
<<=sid=1039===clientid=0==>>

init_call_counter:1
Judging solution 1040
<<=sid=1040===clientid=1==>>

init_call_counter:1
Judging solution 1041
<<=sid=1041===clientid=2==>>

init_call_counter:1
init_call_counter:1
init_call_counter:1
init_call_counter:1
init_call_counter:1
init_call_counter:1
init_call_counter:1
init_call_counter:1
init_call_counter:1
init_call_counter:1
result=4
<<1done!>>
result=7
<<1done!>>
result=7
<<1done!>>
Judging solution 1036
<<=sid=1036===clientid=0==>>

init_call_counter:1
result=6
<<1done!>>
Judging solution 1037
<<=sid=1037===clientid=0==>>

init_call_counter:1
result=6
<<1done!>>
Judging solution 1039
<<=sid=1039===clientid=0==>>

init_call_counter:1
init_call_counter:1
init_call_counter:1
init_call_counter:1
init_call_counter:1
init_call_counter:1
init_call_counter:1
init_call_counter:1
init_call_counter:1
init_call_counter:1
result=4
<<1done!>>
Judging solution 1040
<<=sid=1040===clientid=0==>>

init_call_counter:1
init_call_counter:1
init_call_counter:1
init_call_counter:1
init_call_counter:1
init_call_counter:1
init_call_counter:1
init_call_counter:1
init_call_counter:1
init_call_counter:1
result=4
<<1done!>>
Judging solution 1038
<<=sid=1038===clientid=0==>>

init_call_counter:1
init_call_counter:1
init_call_counter:1
init_call_counter:1
init_call_counter:1
init_call_counter:1
init_call_counter:1
init_call_counter:1
init_call_counter:1
init_call_counter:1
result=4
<<1done!>>
Judging solution 1037
<<=sid=1037===clientid=0==>>

init_call_counter:1
init_call_counter:1
init_call_counter:1
init_call_counter:1
init_call_counter:1
init_call_counter:1
init_call_counter:1
init_call_counter:1
init_call_counter:1
init_call_counter:1
result=4
<<1done!>>
Judging solution 1036
<<=sid=1036===clientid=0==>>

init_call_counter:1
init_call_counter:1
init_call_counter:1
init_call_counter:1
init_call_counter:1
init_call_counter:1
init_call_counter:1
init_call_counter:1
init_call_counter:1
init_call_counter:1
result=4
<<1done!>>
Judging solution 1039
<<=sid=1039===clientid=0==>>

init_call_counter:1
init_call_counter:1
init_call_counter:1
init_call_counter:1
init_call_counter:1
init_call_counter:1
result=6
<<1done!>>
Judging solution 1039
<<=sid=1039===clientid=0==>>

init_call_counter:1
init_call_counter:1
init_call_counter:1
init_call_counter:1
init_call_counter:1
init_call_counter:1
init_call_counter:1
init_call_counter:1
init_call_counter:1
init_call_counter:1
init_call_counter:1
result=4
<<1done!>>
Judging solution 1038
<<=sid=1038===clientid=0==>>

init_call_counter:1
init_call_counter:1
init_call_counter:1
init_call_counter:1
init_call_counter:1
init_call_counter:1
init_call_counter:1
init_call_counter:1
init_call_counter:1
init_call_counter:1
init_call_counter:1
result=4
<<1done!>>
Judging solution 1037
<<=sid=1037===clientid=0==>>

init_call_counter:1
init_call_counter:1
init_call_counter:1
init_call_counter:1
init_call_counter:1
init_call_counter:1
init_call_counter:1
init_call_counter:1
init_call_counter:1
init_call_counter:1
init_call_counter:1
result=4
<<1done!>>
Judging solution 1040
<<=sid=1040===clientid=0==>>

init_call_counter:1
init_call_counter:1
init_call_counter:1
init_call_counter:1
init_call_counter:1
init_call_counter:1
init_call_counter:1
init_call_counter:1
init_call_counter:1
init_call_counter:1
init_call_counter:1
result=4
<<1done!>>
Judging solution 1042
<<=sid=1042===clientid=0==>>

init_call_counter:1
init_call_counter:1
init_call_counter:1
init_call_counter:1
init_call_counter:1
init_call_counter:1
init_call_counter:1
init_call_counter:1
result=4
<<1done!>>
Judging solution 1042
<<=sid=1042===clientid=0==>>

init_call_counter:1
result=9
<<1done!>>
Judging solution 1042
<<=sid=1042===clientid=0==>>

init_call_counter:1
result=6
<<1done!>>
Judging solution 1042
<<=sid=1042===clientid=0==>>

init_call_counter:1
result=9
<<1done!>>
Judging solution 1042
<<=sid=1042===clientid=0==>>

init_call_counter:1
result=6
<<1done!>>
Judging solution 1042
<<=sid=1042===clientid=0==>>

init_call_counter:1
init_call_counter:1
init_call_counter:1
init_call_counter:1
init_call_counter:1
init_call_counter:1
init_call_counter:1
init_call_counter:1
init_call_counter:1
result=4
<<1done!>>
Judging solution 1042
<<=sid=1042===clientid=0==>>

init_call_counter:1
init_call_counter:1
init_call_counter:1
init_call_counter:1
init_call_counter:1
result=6
<<1done!>>
Judging solution 1042
<<=sid=1042===clientid=0==>>

init_call_counter:1
init_call_counter:1
init_call_counter:1
init_call_counter:1
init_call_counter:1
init_call_counter:1
init_call_counter:1
init_call_counter:1
init_call_counter:1
init_call_counter:1
result=4
<<1done!>>
Judging solution 1043
<<=sid=1043===clientid=0==>>

No such dir:/home/judge/data/106!

<<1done!>>
Judging solution 1043
<<=sid=1043===clientid=0==>>

init_call_counter:1
init_call_counter:1
init_call_counter:1
init_call_counter:1
result=6
<<1done!>>
Judging solution 1043
<<=sid=1043===clientid=0==>>

init_call_counter:1
init_call_counter:1
init_call_counter:1
init_call_counter:1
result=6
<<1done!>>
Judging solution 1043
<<=sid=1043===clientid=0==>>

init_call_counter:1
init_call_counter:1
init_call_counter:1
init_call_counter:1
init_call_counter:1
init_call_counter:1
init_call_counter:1
result=4
<<1done!>>
Judging solution 1043
<<=sid=1043===clientid=0==>>

init_call_counter:1
init_call_counter:1
init_call_counter:1
init_call_counter:1
result=6
<<1done!>>
Judging solution 1043
<<=sid=1043===clientid=0==>>

init_call_counter:1
init_call_counter:1
init_call_counter:1
init_call_counter:1
init_call_counter:1
init_call_counter:1
init_call_counter:1
init_call_counter:1
result=4
<<1done!>>
Judging solution 1044
<<=sid=1044===clientid=0==>>

init_call_counter:1
init_call_counter:1
init_call_counter:1
init_call_counter:1
init_call_counter:1
init_call_counter:1
init_call_counter:1
init_call_counter:1
init_call_counter:1
init_call_counter:1
result=4
<<1done!>>
Judging solution 1045
<<=sid=1045===clientid=0==>>

init_call_counter:1
init_call_counter:1
init_call_counter:1
init_call_counter:1
init_call_counter:1
init_call_counter:1
init_call_counter:1
init_call_counter:1
init_call_counter:1
result=4
<<1done!>>
Judging solution 1046
<<=sid=1046===clientid=0==>>

compile error
<<1done!>>
Judging solution 1047
<<=sid=1047===clientid=0==>>

compile error
<<1done!>>
Judging solution 1048
<<=sid=1048===clientid=0==>>

compile error
<<1done!>>
Judging solution 1049
<<=sid=1049===clientid=0==>>

compile error
<<1done!>>
Judging solution 1050
<<=sid=1050===clientid=0==>>

compile error
<<1done!>>
Judging solution 1051
<<=sid=1051===clientid=0==>>

init_call_counter:1
result=9
<<1done!>>
Judging solution 1051
<<=sid=1051===clientid=0==>>

init_call_counter:1
result=9
<<1done!>>
Judging solution 1051
<<=sid=1051===clientid=0==>>

init_call_counter:1
result=6
<<1done!>>
Judging solution 1052
<<=sid=1052===clientid=0==>>

init_call_counter:1
init_call_counter:1
init_call_counter:1
init_call_counter:1
init_call_counter:1
init_call_counter:1
result=4
<<1done!>>
Judging solution 1052
<<=sid=1052===clientid=0==>>

init_call_counter:1
result=9
<<1done!>>
Judging solution 1052
<<=sid=1052===clientid=0==>>

init_call_counter:1
init_call_counter:1
init_call_counter:1
init_call_counter:1
init_call_counter:1
init_call_counter:1
result=4
<<1done!>>
Judging solution 1053
<<=sid=1053===clientid=0==>>

init_call_counter:1
init_call_counter:1
init_call_counter:1
init_call_counter:1
init_call_counter:1
init_call_counter:1
result=4
<<1done!>>
Judging solution 1053
<<=sid=1053===clientid=0==>>

init_call_counter:1
init_call_counter:1
init_call_counter:1
init_call_counter:1
init_call_counter:1
init_call_counter:1
init_call_counter:1
init_call_counter:1
init_call_counter:1
result=4
<<1done!>>
Judging solution 1054
<<=sid=1054===clientid=0==>>

init_call_counter:0
init_call_counter:0
init_call_counter:0
init_call_counter:0
result=4
<<1done!>>
Judging solution 1054
<<=sid=1054===clientid=0==>>

init_call_counter:0
init_call_counter:0
result=6
<<1done!>>
Judging solution 1054
<<=sid=1054===clientid=0==>>

init_call_counter:0
init_call_counter:0
init_call_counter:0
init_call_counter:0
init_call_counter:0
result=6
<<1done!>>
Judging solution 1053
<<=sid=1053===clientid=0==>>

init_call_counter:1
init_call_counter:1
init_call_counter:1
init_call_counter:1
init_call_counter:1
init_call_counter:1
init_call_counter:1
init_call_counter:1
init_call_counter:1
result=4
<<1done!>>
Judging solution 1054
<<=sid=1054===clientid=0==>>

init_call_counter:0
init_call_counter:0
init_call_counter:0
init_call_counter:0
init_call_counter:0
init_call_counter:0
result=4
<<1done!>>
Judging solution 1011
<<=sid=1011===clientid=0==>>

init_call_counter:3
init_call_counter:3
init_call_counter:3
init_call_counter:3
init_call_counter:3
result=4
<<1done!>>
Judging solution 1055
<<=sid=1055===clientid=0==>>

compile error
<<1done!>>
Judging solution 1056
<<=sid=1056===clientid=0==>>

init_call_counter:1
init_call_counter:1
init_call_counter:1
init_call_counter:1
init_call_counter:1
result=4
<<1done!>>
Judging solution 1056
<<=sid=1056===clientid=0==>>

init_call_counter:1
result=9
<<1done!>>
Judging solution 1056
<<=sid=1056===clientid=0==>>

init_call_counter:1
result=9
<<1done!>>
Judging solution 1057
<<=sid=1057===clientid=0==>>

compile error
<<1done!>>
Judging solution 1058
<<=sid=1058===clientid=0==>>

init_call_counter:1
result=9
<<1done!>>
Judging solution 1058
<<=sid=1058===clientid=0==>>

init_call_counter:1
result=9
<<1done!>>
Judging solution 1059
<<=sid=1059===clientid=0==>>

init_call_counter:1
result=9
<<1done!>>
Judging solution 1059
<<=sid=1059===clientid=0==>>

init_call_counter:1
result=9
<<1done!>>
Judging solution 1059
<<=sid=1059===clientid=0==>>

init_call_counter:1
result=9
<<1done!>>
Judging solution 1059
<<=sid=1059===clientid=0==>>

init_call_counter:1
result=9
<<1done!>>
Judging solution 1059
<<=sid=1059===clientid=0==>>

init_call_counter:1
result=9
<<1done!>>
Judging solution 1059
<<=sid=1059===clientid=0==>>

init_call_counter:1
init_call_counter:1
init_call_counter:1
init_call_counter:1
init_call_counter:1
result=6
<<1done!>>
Judging solution 1056
<<=sid=1056===clientid=0==>>

init_call_counter:1
init_call_counter:1
init_call_counter:1
init_call_counter:1
init_call_counter:1
result=6
<<1done!>>
Judging solution 1057
<<=sid=1057===clientid=0==>>

compile error
<<1done!>>
Judging solution 1058
<<=sid=1058===clientid=0==>>

init_call_counter:1
init_call_counter:1
result=6
<<1done!>>
Judging solution 1059
<<=sid=1059===clientid=0==>>

init_call_counter:1
init_call_counter:1
init_call_counter:1
init_call_counter:1
init_call_counter:1
result=6
<<1done!>>
Judging solution 1059
<<=sid=1059===clientid=0==>>

init_call_counter:1
init_call_counter:1
init_call_counter:1
init_call_counter:1
init_call_counter:1
init_call_counter:1
result=4
<<1done!>>
Judging solution 1058
<<=sid=1058===clientid=0==>>

init_call_counter:1
init_call_counter:1
result=6
<<1done!>>
Judging solution 1056
<<=sid=1056===clientid=0==>>

init_call_counter:1
init_call_counter:1
init_call_counter:1
init_call_counter:1
init_call_counter:1
init_call_counter:1
result=4
<<1done!>>
Judging solution 1058
<<=sid=1058===clientid=0==>>

init_call_counter:1
init_call_counter:1
result=6
<<1done!>>
Judging solution 1056
<<=sid=1056===clientid=0==>>

init_call_counter:1
result=9
<<1done!>>
Judging solution 1056
<<=sid=1056===clientid=0==>>

init_call_counter:1
init_call_counter:1
init_call_counter:1
init_call_counter:1
init_call_counter:1
init_call_counter:1
result=4
<<1done!>>
Judging solution 1060
<<=sid=1060===clientid=0==>>

init_call_counter:3
result=6
<<1done!>>
Judging solution 1060
<<=sid=1060===clientid=0==>>

init_call_counter:3
init_call_counter:3
init_call_counter:3
init_call_counter:3
init_call_counter:3
init_call_counter:3
init_call_counter:3
init_call_counter:3
init_call_counter:3
result=4
<<1done!>>
Judging solution 1061
<<=sid=1061===clientid=0==>>

init_call_counter:3
init_call_counter:3
init_call_counter:3
init_call_counter:3
init_call_counter:3
init_call_counter:3
init_call_counter:3
result=4
<<1done!>>
Judging solution 1062
<<=sid=1062===clientid=0==>>

init_call_counter:0
init_call_counter:0
init_call_counter:0
init_call_counter:0
init_call_counter:0
init_call_counter:0
init_call_counter:0
result=4
<<1done!>>
Judging solution 1062
<<=sid=1062===clientid=0==>>

init_call_counter:0
init_call_counter:0
init_call_counter:0
init_call_counter:0
init_call_counter:0
init_call_counter:0
init_call_counter:0
init_call_counter:0
result=4
<<1done!>>
Judging solution 1063
<<=sid=1063===clientid=0==>>

init_call_counter:1
init_call_counter:1
init_call_counter:1
init_call_counter:1
init_call_counter:1
init_call_counter:1
result=4
<<1done!>>
Judging solution 1063
<<=sid=1063===clientid=0==>>

init_call_counter:1
result=9
<<1done!>>
Judging solution 1063
<<=sid=1063===clientid=0==>>

init_call_counter:1
init_call_counter:1
init_call_counter:1
init_call_counter:1
init_call_counter:1
init_call_counter:1
init_call_counter:1
result=4
<<1done!>>
Judging solution 1064
<<=sid=1064===clientid=0==>>

compile error
<<1done!>>
Judging solution 1065
<<=sid=1065===clientid=0==>>

init_call_counter:1
result=6
<<1done!>>
Judging solution 1065
<<=sid=1065===clientid=0==>>

init_call_counter:1
result=6
<<1done!>>
Judging solution 1065
<<=sid=1065===clientid=0==>>

init_call_counter:1
result=6
<<1done!>>
Judging solution 1065
<<=sid=1065===clientid=0==>>

init_call_counter:1
result=6
<<1done!>>
Judging solution 1065
<<=sid=1065===clientid=0==>>

init_call_counter:1
result=6
<<1done!>>
Judging solution 1065
<<=sid=1065===clientid=0==>>

init_call_counter:1
result=6
<<1done!>>
Judging solution 1063
<<=sid=1063===clientid=0==>>

init_call_counter:1
init_call_counter:1
init_call_counter:1
init_call_counter:1
init_call_counter:1
init_call_counter:1
init_call_counter:1
result=4
<<1done!>>
Judging solution 1063
<<=sid=1063===clientid=0==>>

init_call_counter:1
init_call_counter:1
init_call_counter:1
init_call_counter:1
init_call_counter:1
init_call_counter:1
init_call_counter:1
result=4
<<1done!>>
Judging solution 1065
<<=sid=1065===clientid=0==>>

init_call_counter:1
init_call_counter:1
init_call_counter:1
init_call_counter:1
init_call_counter:1
init_call_counter:1
init_call_counter:1
init_call_counter:1
init_call_counter:1
init_call_counter:1
init_call_counter:1
init_call_counter:1
result=4
<<1done!>>
Judging solution 1066
<<=sid=1066===clientid=0==>>

init_call_counter:1
init_call_counter:1
init_call_counter:1
init_call_counter:1
init_call_counter:1
init_call_counter:1
init_call_counter:1
init_call_counter:1
init_call_counter:1
result=4
<<1done!>>
Judging solution 1067
<<=sid=1067===clientid=0==>>

init_call_counter:1
init_call_counter:1
init_call_counter:1
init_call_counter:1
init_call_counter:1
init_call_counter:1
result=4
<<1done!>>
Judging solution 1067
<<=sid=1067===clientid=0==>>

init_call_counter:1
result=6
<<1done!>>
Judging solution 1067
<<=sid=1067===clientid=0==>>

init_call_counter:1
init_call_counter:1
init_call_counter:1
init_call_counter:1
init_call_counter:1
init_call_counter:1
init_call_counter:1
result=4
<<1done!>>
Judging solution 1067
<<=sid=1067===clientid=0==>>

init_call_counter:1
init_call_counter:1
init_call_counter:1
init_call_counter:1
result=6
<<1done!>>
Judging solution 1067
<<=sid=1067===clientid=0==>>

init_call_counter:1
init_call_counter:1
init_call_counter:1
init_call_counter:1
init_call_counter:1
init_call_counter:1
init_call_counter:1
init_call_counter:1
result=4
<<1done!>>
Judging solution 1068
<<=sid=1068===clientid=0==>>

init_call_counter:1
init_call_counter:1
init_call_counter:1
init_call_counter:1
init_call_counter:1
init_call_counter:1
init_call_counter:1
init_call_counter:1
result=4
<<1done!>>
Judging solution 1069
<<=sid=1069===clientid=0==>>

init_call_counter:1
init_call_counter:1
init_call_counter:1
init_call_counter:1
init_call_counter:1
init_call_counter:1
init_call_counter:1
init_call_counter:1
result=4
<<1done!>>
Judging solution 1070
<<=sid=1070===clientid=0==>>

init_call_counter:1
init_call_counter:1
init_call_counter:1
init_call_counter:1
init_call_counter:1
result=9
<<1done!>>
Judging solution 1070
<<=sid=1070===clientid=0==>>

init_call_counter:1
init_call_counter:1
init_call_counter:1
init_call_counter:1
init_call_counter:1
result=9
<<1done!>>
Judging solution 1070
<<=sid=1070===clientid=0==>>

init_call_counter:1
init_call_counter:1
init_call_counter:1
init_call_counter:1
init_call_counter:1
result=9
<<1done!>>
Judging solution 1071
<<=sid=1071===clientid=0==>>

init_call_counter:3
init_call_counter:3
init_call_counter:3
init_call_counter:3
init_call_counter:3
result=9
<<1done!>>
Judging solution 1070
<<=sid=1070===clientid=0==>>

init_call_counter:1
init_call_counter:1
init_call_counter:1
init_call_counter:1
init_call_counter:1
init_call_counter:1
result=4
<<1done!>>
Judging solution 1071
<<=sid=1071===clientid=0==>>

init_call_counter:3
init_call_counter:3
init_call_counter:3
init_call_counter:3
init_call_counter:3
init_call_counter:3
result=4
<<1done!>>
Judging solution 1072
<<=sid=1072===clientid=0==>>

init_call_counter:1
init_call_counter:1
init_call_counter:1
init_call_counter:1
init_call_counter:1
init_call_counter:1
init_call_counter:1
init_call_counter:1
init_call_counter:1
init_call_counter:1
result=4
<<1done!>>
Judging solution 1073
<<=sid=1073===clientid=0==>>

init_call_counter:0
init_call_counter:0
init_call_counter:0
init_call_counter:0
init_call_counter:0
init_call_counter:0
init_call_counter:0
init_call_counter:0
init_call_counter:0
init_call_counter:0
result=4
<<1done!>>
Judging solution 1073
<<=sid=1073===clientid=0==>>

init_call_counter:0
init_call_counter:0
init_call_counter:0
init_call_counter:0
init_call_counter:0
init_call_counter:0
init_call_counter:0
init_call_counter:0
init_call_counter:0
init_call_counter:0
init_call_counter:0
result=6
<<1done!>>
Judging solution 1073
<<=sid=1073===clientid=0==>>

init_call_counter:0
init_call_counter:0
init_call_counter:0
init_call_counter:0
init_call_counter:0
init_call_counter:0
init_call_counter:0
init_call_counter:0
init_call_counter:0
init_call_counter:0
init_call_counter:0
init_call_counter:0
result=4
<<1done!>>
Judging solution 1074
<<=sid=1074===clientid=0==>>

init_call_counter:1
init_call_counter:1
result=5
<<1done!>>
Judging solution 1074
<<=sid=1074===clientid=0==>>

init_call_counter:1
init_call_counter:1
result=4
<<1done!>>
Judging solution 1074
<<=sid=1074===clientid=0==>>

init_call_counter:1
init_call_counter:1
result=9
<<1done!>>
Judging solution 1074
<<=sid=1074===clientid=0==>>

init_call_counter:1
result=9
<<1done!>>
Judging solution 1074
<<=sid=1074===clientid=0==>>

init_call_counter:1
result=9
<<1done!>>
Judging solution 1074
<<=sid=1074===clientid=0==>>

init_call_counter:1
init_call_counter:1
init_call_counter:1
result=4
<<1done!>>
Judging solution 1074
<<=sid=1074===clientid=0==>>

init_call_counter:1
result=9
<<1done!>>
Judging solution 1074
<<=sid=1074===clientid=0==>>

init_call_counter:1
result=9
<<1done!>>
Judging solution 1074
<<=sid=1074===clientid=0==>>

init_call_counter:1
result=9
<<1done!>>
Judging solution 1074
<<=sid=1074===clientid=0==>>

init_call_counter:1
result=9
<<1done!>>
Judging solution 1074
<<=sid=1074===clientid=0==>>

init_call_counter:1
result=9
<<1done!>>
Judging solution 1074
<<=sid=1074===clientid=0==>>

init_call_counter:1
result=6
<<1done!>>
Judging solution 1074
<<=sid=1074===clientid=0==>>

init_call_counter:1
init_call_counter:1
init_call_counter:1
init_call_counter:1
result=4
<<1done!>>
Judging solution 1074
<<=sid=1074===clientid=0==>>

init_call_counter:1
init_call_counter:1
result=9
<<1done!>>
Judging solution 1074
<<=sid=1074===clientid=0==>>

init_call_counter:1
init_call_counter:1
result=9
<<1done!>>
Judging solution 1074
<<=sid=1074===clientid=0==>>

init_call_counter:1
init_call_counter:1
result=6
<<1done!>>
Judging solution 1074
<<=sid=1074===clientid=0==>>

init_call_counter:1
init_call_counter:1
init_call_counter:1
init_call_counter:1
init_call_counter:1
result=4
<<1done!>>
Judging solution 1075
<<=sid=1075===clientid=0==>>

compile error
<<1done!>>
Judging solution 1076
<<=sid=1076===clientid=0==>>

compile error
<<1done!>>
Judging solution 1077
<<=sid=1077===clientid=0==>>

init_call_counter:1
result=6
<<1done!>>
Judging solution 1078
<<=sid=1078===clientid=0==>>

init_call_counter:1
init_call_counter:1
init_call_counter:1
init_call_counter:1
init_call_counter:1
init_call_counter:1
init_call_counter:1
init_call_counter:1
init_call_counter:1
init_call_counter:1
result=4
<<1done!>>
Judging solution 1079
<<=sid=1079===clientid=0==>>

init_call_counter:1
init_call_counter:1
result=6
<<1done!>>
Judging solution 1079
<<=sid=1079===clientid=0==>>

init_call_counter:1
init_call_counter:1
init_call_counter:1
result=4
<<1done!>>
Judging solution 1079
<<=sid=1079===clientid=0==>>

init_call_counter:1
result=6
<<1done!>>
Judging solution 1079
<<=sid=1079===clientid=0==>>

init_call_counter:1
init_call_counter:1
init_call_counter:1
init_call_counter:1
result=4
<<1done!>>
Judging solution 1079
<<=sid=1079===clientid=0==>>

init_call_counter:1
init_call_counter:1
result=6
<<1done!>>
Judging solution 1079
<<=sid=1079===clientid=0==>>

init_call_counter:1
result=7
<<1done!>>
Judging solution 1079
<<=sid=1079===clientid=0==>>

init_call_counter:1
result=7
<<1done!>>
Judging solution 1079
<<=sid=1079===clientid=0==>>

init_call_counter:1
result=7
<<1done!>>
Judging solution 1079
<<=sid=1079===clientid=0==>>

init_call_counter:1
result=7
<<1done!>>
Judging solution 1079
<<=sid=1079===clientid=0==>>

init_call_counter:1
init_call_counter:1
init_call_counter:1
init_call_counter:1
result=6
<<1done!>>
Judging solution 1079
<<=sid=1079===clientid=0==>>

init_call_counter:1
init_call_counter:1
init_call_counter:1
init_call_counter:1
init_call_counter:1
init_call_counter:1
init_call_counter:1
result=6
<<1done!>>
Judging solution 1079
<<=sid=1079===clientid=0==>>

init_call_counter:1
init_call_counter:1
init_call_counter:1
init_call_counter:1
init_call_counter:1
init_call_counter:1
init_call_counter:1
init_call_counter:1
result=4
<<1done!>>
Judging solution 1080
<<=sid=1080===clientid=0==>>

init_call_counter:1
init_call_counter:1
init_call_counter:1
init_call_counter:1
init_call_counter:1
init_call_counter:1
result=4
<<1done!>>
Judging solution 1080
<<=sid=1080===clientid=0==>>

init_call_counter:1
init_call_counter:1
init_call_counter:1
init_call_counter:1
init_call_counter:1
init_call_counter:1
init_call_counter:1
init_call_counter:1
result=4
<<1done!>>
Judging solution 1080
<<=sid=1080===clientid=0==>>

init_call_counter:1
init_call_counter:1
init_call_counter:1
init_call_counter:1
init_call_counter:1
init_call_counter:1
init_call_counter:1
init_call_counter:1
result=4
<<1done!>>
Judging solution 1080
<<=sid=1080===clientid=0==>>

init_call_counter:1
result=6
<<1done!>>
Judging solution 1080
<<=sid=1080===clientid=0==>>

init_call_counter:1
init_call_counter:1
init_call_counter:1
init_call_counter:1
init_call_counter:1
init_call_counter:1
init_call_counter:1
init_call_counter:1
init_call_counter:1
result=4
<<1done!>>
Judging solution 1081
<<=sid=1081===clientid=0==>>

compile error
<<1done!>>
Judging solution 1082
<<=sid=1082===clientid=0==>>

init_call_counter:1
init_call_counter:1
init_call_counter:1
init_call_counter:1
init_call_counter:1
init_call_counter:1
init_call_counter:1
init_call_counter:1
init_call_counter:1
init_call_counter:1
result=4
<<1done!>>
Judging solution 1083
<<=sid=1083===clientid=0==>>

compile error
<<1done!>>
Judging solution 1084
<<=sid=1084===clientid=0==>>

init_call_counter:1
init_call_counter:1
init_call_counter:1
init_call_counter:1
result=5
<<1done!>>
Judging solution 1084
<<=sid=1084===clientid=0==>>

init_call_counter:1
init_call_counter:1
init_call_counter:1
init_call_counter:1
result=5
<<1done!>>
Judging solution 1084
<<=sid=1084===clientid=0==>>

init_call_counter:1
init_call_counter:1
init_call_counter:1
init_call_counter:1
result=5
<<1done!>>
Judging solution 1084
<<=sid=1084===clientid=0==>>

init_call_counter:1
init_call_counter:1
init_call_counter:1
init_call_counter:1
result=4
<<1done!>>
Judging solution 1084
<<=sid=1084===clientid=0==>>

init_call_counter:1
init_call_counter:1
result=9
<<1done!>>
Judging solution 1084
<<=sid=1084===clientid=0==>>

init_call_counter:1
init_call_counter:1
init_call_counter:1
init_call_counter:1
init_call_counter:1
result=4
<<1done!>>
Judging solution 1084
<<=sid=1084===clientid=0==>>

init_call_counter:1
init_call_counter:1
init_call_counter:1
init_call_counter:1
init_call_counter:1
result=9
<<1done!>>
Judging solution 1084
<<=sid=1084===clientid=0==>>

init_call_counter:1
init_call_counter:1
init_call_counter:1
init_call_counter:1
init_call_counter:1
result=9
<<1done!>>
Judging solution 1084
<<=sid=1084===clientid=0==>>

init_call_counter:1
init_call_counter:1
init_call_counter:1
init_call_counter:1
init_call_counter:1
result=6
<<1done!>>
Judging solution 1084
<<=sid=1084===clientid=0==>>

init_call_counter:1
init_call_counter:1
init_call_counter:1
init_call_counter:1
init_call_counter:1
init_call_counter:1
result=4
<<1done!>>
Judging solution 1084
<<=sid=1084===clientid=0==>>

init_call_counter:1
result=6
<<1done!>>
Judging solution 1084
<<=sid=1084===clientid=0==>>

init_call_counter:1
init_call_counter:1
init_call_counter:1
init_call_counter:1
init_call_counter:1
init_call_counter:1
init_call_counter:1
result=4
<<1done!>>
Judging solution 1084
<<=sid=1084===clientid=0==>>

init_call_counter:1
result=6
<<1done!>>
Judging solution 1084
<<=sid=1084===clientid=0==>>

init_call_counter:1
init_call_counter:1
init_call_counter:1
init_call_counter:1
init_call_counter:1
init_call_counter:1
init_call_counter:1
init_call_counter:1
init_call_counter:1
result=5
<<1done!>>
Judging solution 1084
<<=sid=1084===clientid=0==>>

init_call_counter:1
init_call_counter:1
init_call_counter:1
init_call_counter:1
init_call_counter:1
init_call_counter:1
init_call_counter:1
init_call_counter:1
init_call_counter:1
result=5
<<1done!>>
Judging solution 1084
<<=sid=1084===clientid=0==>>

init_call_counter:1
init_call_counter:1
init_call_counter:1
init_call_counter:1
init_call_counter:1
init_call_counter:1
init_call_counter:1
init_call_counter:1
init_call_counter:1
result=5
<<1done!>>
Judging solution 1084
<<=sid=1084===clientid=0==>>

init_call_counter:1
init_call_counter:1
init_call_counter:1
init_call_counter:1
init_call_counter:1
init_call_counter:1
init_call_counter:1
init_call_counter:1
init_call_counter:1
result=4
<<1done!>>
Judging solution 2181
<<=sid=2181===clientid=0==>>

init_call_counter:3
result=6
Judging solution 2103
<<1done!>>
<<=sid=2103===clientid=1==>>

init_call_counter:3
init_call_counter:3
init_call_counter:3
init_call_counter:3
init_call_counter:3
result=6
<<1done!>>
Judging solution 2182
Judging solution 2183
Judging solution 2103
<<=sid=2103===clientid=2==>>

<<=sid=2183===clientid=1==>>

<<=sid=2182===clientid=0==>>

init_call_counter:3
init_call_counter:3
init_call_counter:3
result=6
result=6
init_call_counter:3
init_call_counter:3
<<2done!>>
init_call_counter:3
init_call_counter:3
result=6
<<1done!>>
Judging solution 2184
<<=sid=2184===clientid=0==>>

init_call_counter:3
init_call_counter:3
init_call_counter:3
init_call_counter:3
init_call_counter:3
result=6
<<1done!>>
Judging solution 2456
<<=sid=2456===clientid=0==>>

init_call_counter:3
init_call_counter:3
init_call_counter:3
init_call_counter:3
init_call_counter:3
init_call_counter:3
init_call_counter:3
result=4
<<1done!>>
Judging solution 2645
<<=sid=2645===clientid=0==>>

init_call_counter:3
result=6
<<1done!>>
Judging solution 2663
<<=sid=2663===clientid=0==>>

init_call_counter:3
init_call_counter:3
init_call_counter:3
init_call_counter:3
result=4
<<1done!>>
Judging solution 2664
<<=sid=2664===clientid=0==>>

compile error
<<1done!>>
Judging solution 2665
<<=sid=2665===clientid=0==>>

init_call_counter:3
result=10
<<1done!>>
Judging solution 2666
<<=sid=2666===clientid=0==>>

init_call_counter:3
result=10
<<1done!>>
[ERROR] A Not allowed system call: runid:3631 CALLID:3
 TO FIX THIS , ask admin to add the CALLID into corresponding LANG_XXV[] located at okcalls32/64.h ,
and recompile judge_client. 
if you are admin and you don't know what to do ,
 tech support can be found on http://hustoj.taobao.com

Judging solution 9743
<<=sid=9743===clientid=0==>>

init_call_counter:3
result=6
<<1done!>>
Judging solution 10266
<<=sid=10266===clientid=0==>>

init_call_counter:3
init_call_counter:3
init_call_counter:3
init_call_counter:3
result=10
<<1done!>>
[ERROR] A Not allowed system call: runid:12433 CALLID:20
 TO FIX THIS , ask admin to add the CALLID into corresponding LANG_XXV[] located at okcalls32/64.h ,
and recompile judge_client. 
if you are admin and you don't know what to do ,
 tech support can be found on http://hustoj.taobao.com

[ERROR] A Not allowed system call: runid:12437 CALLID:20
 TO FIX THIS , ask admin to add the CALLID into corresponding LANG_XXV[] located at okcalls32/64.h ,
and recompile judge_client. 
if you are admin and you don't know what to do ,
 tech support can be found on http://hustoj.taobao.com

[ERROR] A Not allowed system call: runid:12469 CALLID:20
 TO FIX THIS , ask admin to add the CALLID into corresponding LANG_XXV[] located at okcalls32/64.h ,
and recompile judge_client. 
if you are admin and you don't know what to do ,
 tech support can be found on http://hustoj.taobao.com

[ERROR] A Not allowed system call: runid:12483 CALLID:10
 TO FIX THIS , ask admin to add the CALLID into corresponding LANG_XXV[] located at okcalls32/64.h ,
and recompile judge_client. 
if you are admin and you don't know what to do ,
 tech support can be found on http://hustoj.taobao.com

[ERROR] A Not allowed system call: runid:12499 CALLID:10
 TO FIX THIS , ask admin to add the CALLID into corresponding LANG_XXV[] located at okcalls32/64.h ,
and recompile judge_client. 
if you are admin and you don't know what to do ,
 tech support can be found on http://hustoj.taobao.com

[ERROR] A Not allowed system call: runid:13215 CALLID:13
 TO FIX THIS , ask admin to add the CALLID into corresponding LANG_XXV[] located at okcalls32/64.h ,
and recompile judge_client. 
if you are admin and you don't know what to do ,
 tech support can be found on http://hustoj.taobao.com

[ERROR] A Not allowed system call: runid:13470 CALLID:13
 TO FIX THIS , ask admin to add the CALLID into corresponding LANG_XXV[] located at okcalls32/64.h ,
and recompile judge_client. 
if you are admin and you don't know what to do ,
 tech support can be found on http://hustoj.taobao.com

[ERROR] A Not allowed system call: runid:13501 CALLID:13
 TO FIX THIS , ask admin to add the CALLID into corresponding LANG_XXV[] located at okcalls32/64.h ,
and recompile judge_client. 
if you are admin and you don't know what to do ,
 tech support can be found on http://hustoj.taobao.com

Judging solution 15301
<<=sid=15301===clientid=0==>>

init_call_counter:3
result=6
<<1done!>>
Judging solution 17141
Judging solution 17142
<<=sid=17141===clientid=0==>>

Judging solution 17143
<<=sid=17142===clientid=1==>>

Judging solution 17144
<<=sid=17143===clientid=2==>>

Judging solution 17145
<<=sid=17144===clientid=3==>>

No such dir:/home/judge/data/100113!

Judging solution 17146
<<=sid=17145===clientid=2==>>

No such dir:/home/judge/data/100112!

Judging solution 17147
<<=sid=17146===clientid=0==>>

compile error
Judging solution 17148
<<=sid=17147===clientid=1==>>

compile error
<<4done!>>
Judging solution 17149
<<=sid=17148===clientid=3==>>

compile error
Judging solution 17150
<<=sid=17149===clientid=2==>>

No such dir:/home/judge/data/100112!

Judging solution 17151
<<=sid=17150===clientid=1==>>

compile error
Judging solution 17152
<<=sid=17151===clientid=0==>>

No such dir:/home/judge/data/100113!

Judging solution 17153
<<=sid=17152===clientid=3==>>

init_call_counter:3
init_call_counter:3
No such dir:/home/judge/data/100113!

Judging solution 17154
<<=sid=17153===clientid=0==>>

compile error
Judging solution 17155
<<=sid=17154===clientid=3==>>

compile error
Judging solution 17156
<<=sid=17155===clientid=0==>>

init_call_counter:3
No such dir:/home/judge/data/100112!

<<=sid=17156===clientid=0==>>

<<12done!>>
Judging solution 17157
compile error
Judging solution 17158
<<=sid=17157===clientid=0==>>

compile error
Judging solution 17159
<<=sid=17158===clientid=0==>>

compile error
Judging solution 17160
<<=sid=17159===clientid=0==>>

compile error
Judging solution 17161
<<=sid=17160===clientid=0==>>

init_call_counter:3
result=8
result=8
Judging solution 17162
<<=sid=17161===clientid=3==>>

Judging solution 17163
<<=sid=17162===clientid=1==>>

result=6
Judging solution 17164
<<=sid=17163===clientid=2==>>

compile error
<<=sid=17164===clientid=1==>>

<<20done!>>
Judging solution 17165
compile error
Judging solution 17166
<<=sid=17165===clientid=3==>>

result=6
Judging solution 17167
<<=sid=17166===clientid=0==>>

No such dir:/home/judge/data/100112!

Judging solution 17168
<<=sid=17167===clientid=2==>>

compile error
Judging solution 17169
<<=sid=17168===clientid=3==>>

compile error
init_call_counter:3
Judging solution 17170
<<=sid=17169===clientid=1==>>

compile error
Judging solution 17171
<<=sid=17170===clientid=0==>>

init_call_counter:3
init_call_counter:3
No such dir:/home/judge/data/100113!

Judging solution 17172
<<=sid=17171===clientid=0==>>

compile error
<<=sid=17172===clientid=0==>>

<<28done!>>
Judging solution 17173
result=6
Judging solution 17174
<<=sid=17173===clientid=1==>>

result=6
Judging solution 17175
<<=sid=17174===clientid=2==>>

compile error
Judging solution 17176
<<=sid=17175===clientid=0==>>

compile error
Judging solution 17140
<<=sid=17176===clientid=1==>>

compile error
<<=sid=17140===clientid=2==>>

<<33done!>>
compile error
result=6
compile error
compile error
<<4done!>>
